<?xml version="1.0" encoding="UTF-8" ?>
<testsuite errors="0" failures="0" hostname="DeAndre-PC" name="com.flatironschool.javacs.WikiPhilosophyTest" tests="1" time="6.287" timestamp="2016-06-05T17:10:34">
  <properties>
[...]
</properties>
  <testcase classname="com.flatironschool.javacs.WikiPhilosophyTest" name="testMain" time="6.246" />
  <system-out><![CDATA[Philosophy found in 6 jumps
[https://en.wikipedia.org/wiki/Java_(programming_language), https://en.wikipedia.org/wiki/Programming_language, https://en.wikipedia.org/wiki/Formal_language, https://en.wikipedia.org/wiki/Mathematics, https://en.wikipedia.org/wiki/Quantity, https://en.wikipedia.org/wiki/Property_(philosophy), https://en.wikipedia.org/wiki/Philosophy]
]]></system-out>
  <system-err><![CDATA[]]></system-err>
</testsuite>
